<?xml version="1.0" encoding="UTF-8"?>
<testsuites name="TestSuite1" time="2.347" tests="1" failures="0" errors="0">
   <testsuite name="TestSuite1" tests="1" failures="0" errors="0" time="2.347" skipped="0" timestamp="09-01-2024T11:08:23" hostname="aambrozy - alvicom-nb0144" id="Test Suites/TestSuite1">
      <properties>
         <property name="deviceName" value=""/>
         <property name="devicePlatform" value=""/>
         <property name="logFolder" value="/home/aambrozy/git/KatalonGitIntegrationRepo/Reports/20240109_110817/TestSuite1/20240109_110821"/>
         <property name="logFiles" value="/home/aambrozy/git/KatalonGitIntegrationRepo/Reports/20240109_110817/TestSuite1/20240109_110821/execution0.log"/>
         <property name="attachments" value=""/>
         <property name="hostName" value="aambrozy - alvicom-nb0144"/>
         <property name="os" value="Linux 64bit"/>
         <property name="katalonVersion" value="9.2.0.212"/>
         <property name="browser" value="Chrome 120.0.0.0"/>
         <property name="hostAddress" value="127.0.1.1"/>
         <property name="sessionId" value="e58503c9f7b0ddfdb2853c7bbc62a4a3"/>
         <property name="seleniumVersion" value="3.141.59"/>
         <property name="proxyInformation" value="ProxyInformation { proxyOption=NO_PROXY, proxyServerType=HTTP, username=, password=********, proxyServerAddress=, proxyServerPort=0, executionList=&quot;&quot;, isApplyToDesiredCapabilities=true }"/>
         <property name="platform" value="Linux"/>
      </properties>
      <testcase name="Test Cases/Test 1 by Tom" time="2.229" classname="Test Cases/Test 1 by Tom" status="PASSED">
         <system-out><![CDATA[09-01-2024T11:08:23 - [TEST_CASE][PASSED] - Test Cases/Test 1 by Tom: Test Cases/Test 1 by Tom

09-01-2024T11:08:23 - [TEST_STEP][PASSED] - openBrowser(""): Browser is opened with url: ''

09-01-2024T11:08:24 - [MESSAGE][INFO] - Starting 'Chrome' driver

09-01-2024T11:08:24 - [MESSAGE][INFO] - Action delay is set to 0 milliseconds

09-01-2024T11:08:24 - [MESSAGE][PASSED] - Browser is opened with url: ''

09-01-2024T11:08:24 - [TEST_STEP][PASSED] - navigateToUrl("https://katalon-demo-cura.herokuapp.com/"): Navigate to 'https://katalon-demo-cura.herokuapp.com/' successfully

09-01-2024T11:08:25 - [MESSAGE][PASSED] - Navigate to 'https://katalon-demo-cura.herokuapp.com/' successfully

09-01-2024T11:08:25 - [TEST_STEP][PASSED] - closeBrowser(): Browser is closed

09-01-2024T11:08:26 - [MESSAGE][PASSED] - Browser is closed]]></system-out>
         <system-err><![CDATA[]]></system-err>
      </testcase>
      <system-out><![CDATA[09-01-2024T11:08:23 - [TEST_SUITE][PASSED] - TestSuite1: Test Cases/Test 1 by Tom]]></system-out>
      <system-err><![CDATA[]]></system-err>
   </testsuite>
</testsuites>
