<?xml version="1.0" encoding="UTF-8"?>
<testsuites name="TestSuite1" time="2.41" tests="1" failures="0" errors="0">
   <testsuite name="TestSuite1" tests="1" failures="0" errors="0" time="2.41" skipped="0" timestamp="09-01-2024T10:55:57" hostname="aambrozy - alvicom-nb0144" id="Test Suites/TestSuite1">
      <properties>
         <property name="deviceName" value=""/>
         <property name="devicePlatform" value=""/>
         <property name="logFolder" value="/home/aambrozy/git/KatalonGitIntegrationRepo/Reports/20240109_105556/TestSuite1/20240109_105556"/>
         <property name="logFiles" value="/home/aambrozy/git/KatalonGitIntegrationRepo/Reports/20240109_105556/TestSuite1/20240109_105556/execution0.log"/>
         <property name="attachments" value=""/>
         <property name="hostName" value="aambrozy - alvicom-nb0144"/>
         <property name="os" value="Linux 64bit"/>
         <property name="katalonVersion" value="9.2.0.212"/>
         <property name="browser" value="Chrome 120.0.0.0"/>
         <property name="hostAddress" value="127.0.1.1"/>
         <property name="sessionId" value="7c3cf358e697f9fe6d6e8dcaeef441dd"/>
         <property name="seleniumVersion" value="3.141.59"/>
         <property name="proxyInformation" value="ProxyInformation { proxyOption=NO_PROXY, proxyServerType=HTTP, username=, password=********, proxyServerAddress=, proxyServerPort=0, executionList=&quot;&quot;, isApplyToDesiredCapabilities=true }"/>
         <property name="platform" value="Linux"/>
      </properties>
      <testcase name="Test Cases/Test 1 by Tom" time="2.266" classname="Test Cases/Test 1 by Tom" status="PASSED">
         <system-out><![CDATA[09-01-2024T10:55:58 - [TEST_CASE][PASSED] - Test Cases/Test 1 by Tom: Test Cases/Test 1 by Tom

09-01-2024T10:55:58 - [TEST_STEP][PASSED] - openBrowser(""): Browser is opened with url: ''

09-01-2024T10:55:58 - [MESSAGE][INFO] - Starting 'Chrome' driver

09-01-2024T10:55:58 - [MESSAGE][INFO] - Action delay is set to 0 milliseconds

09-01-2024T10:55:59 - [MESSAGE][PASSED] - Browser is opened with url: ''

09-01-2024T10:55:59 - [TEST_STEP][PASSED] - navigateToUrl("https://katalon-demo-cura.herokuapp.com/"): Navigate to 'https://katalon-demo-cura.herokuapp.com/' successfully

09-01-2024T10:56:00 - [MESSAGE][PASSED] - Navigate to 'https://katalon-demo-cura.herokuapp.com/' successfully

09-01-2024T10:56:00 - [TEST_STEP][PASSED] - closeBrowser(): Browser is closed

09-01-2024T10:56:00 - [MESSAGE][PASSED] - Browser is closed]]></system-out>
         <system-err><![CDATA[]]></system-err>
      </testcase>
      <system-out><![CDATA[09-01-2024T10:55:57 - [TEST_SUITE][PASSED] - TestSuite1: Test Cases/Test 1 by Tom]]></system-out>
      <system-err><![CDATA[]]></system-err>
   </testsuite>
</testsuites>
